<?xml version="1.0" encoding="UTF-8"?>
<testng-results skipped="0" failed="1" total="1" passed="0">
  <reporter-output>
  </reporter-output>
  <suite name="Default suite" duration-ms="72163" started-at="2022-06-16T12:43:44Z" finished-at="2022-06-16T12:44:57Z">
    <groups>
    </groups>
    <test name="Default test" duration-ms="72163" started-at="2022-06-16T12:43:44Z" finished-at="2022-06-16T12:44:57Z">
      <class name="TestClass.TripCostTestClass">
        <test-method status="PASS" signature="openingBrowser()[pri:0, instance:TestClass.TripCostTestClass@5ec0a365]" name="openingBrowser" is-config="true" duration-ms="5679" started-at="2022-06-16T18:13:44Z" finished-at="2022-06-16T18:13:50Z">
          <reporter-output>
          </reporter-output>
        </test-method> <!-- openingBrowser -->
        <test-method status="FAIL" signature="TripCost(java.lang.String, java.lang.String)[pri:0, instance:TestClass.TripCostTestClass@5ec0a365]" name="TripCost" duration-ms="65796" started-at="2022-06-16T18:13:51Z" data-provider="TripAdvisorLoginDetails" finished-at="2022-06-16T18:14:56Z">
          <params>
            <param index="0">
              <value>
                <![CDATA[dgowda1212@gmail.com]]>
              </value>
            </param>
            <param index="1">
              <value>
                <![CDATA[Test@1234]]>
              </value>
            </param>
          </params>
          <exception class="java.lang.AssertionError">
            <message>
              <![CDATA[Failing the test case:no such element: Unable to locate element: {"method":"xpath","selector":"//body[@id='BODY_BLOCK_JQUERY_REFLOW']/div[11]/div/div/div[2]/div/div/div[2]/span/span"}
  (Session info: chrome=102.0.5005.115)
For documentation on this error, please visit: https://selenium.dev/exceptions/#no_such_element
Build info: version: '4.1.0', revision: '87802e897b'
System info: host: 'DESKTOP-AFJ3M2K', ip: '192.168.43.177', os.name: 'Windows 11', os.arch: 'amd64', os.version: '10.0', java.version: '1.8.0_321'
Driver info: org.openqa.selenium.chrome.ChromeDriver
Command: [6b120cfa034e39bd54da08ac7e182a25, findElement {using=xpath, value=//body[@id='BODY_BLOCK_JQUERY_REFLOW']/div[11]/div/div/div[2]/div/div/div[2]/span/span}]
Capabilities {acceptInsecureCerts: false, browserName: chrome, browserVersion: 102.0.5005.115, chrome: {chromedriverVersion: 101.0.4951.41 (93c720db8323..., userDataDir: C:\Users\DARSHA~1\AppData\L...}, goog:chromeOptions: {debuggerAddress: localhost:50558}, javascriptEnabled: true, networkConnectionEnabled: false, pageLoadStrategy: normal, platform: WINDOWS, platformName: WINDOWS, proxy: Proxy(), se:cdp: ws://localhost:50558/devtoo..., se:cdpVersion: 102.0.5005.115, setWindowRect: true, strictFileInteractability: false, timeouts: {implicit: 0, pageLoad: 300000, script: 30000}, unhandledPromptBehavior: dismiss and notify, webauthn:extension:credBlob: true, webauthn:extension:largeBlob: true, webauthn:virtualAuthenticators: true}
Session ID: 6b120cfa034e39bd54da08ac7e182a25]]>
            </message>
            <full-stacktrace>
              <![CDATA[java.lang.AssertionError: Failing the test case:no such element: Unable to locate element: {"method":"xpath","selector":"//body[@id='BODY_BLOCK_JQUERY_REFLOW']/div[11]/div/div/div[2]/div/div/div[2]/span/span"}
  (Session info: chrome=102.0.5005.115)
For documentation on this error, please visit: https://selenium.dev/exceptions/#no_such_element
Build info: version: '4.1.0', revision: '87802e897b'
System info: host: 'DESKTOP-AFJ3M2K', ip: '192.168.43.177', os.name: 'Windows 11', os.arch: 'amd64', os.version: '10.0', java.version: '1.8.0_321'
Driver info: org.openqa.selenium.chrome.ChromeDriver
Command: [6b120cfa034e39bd54da08ac7e182a25, findElement {using=xpath, value=//body[@id='BODY_BLOCK_JQUERY_REFLOW']/div[11]/div/div/div[2]/div/div/div[2]/span/span}]
Capabilities {acceptInsecureCerts: false, browserName: chrome, browserVersion: 102.0.5005.115, chrome: {chromedriverVersion: 101.0.4951.41 (93c720db8323..., userDataDir: C:\Users\DARSHA~1\AppData\L...}, goog:chromeOptions: {debuggerAddress: localhost:50558}, javascriptEnabled: true, networkConnectionEnabled: false, pageLoadStrategy: normal, platform: WINDOWS, platformName: WINDOWS, proxy: Proxy(), se:cdp: ws://localhost:50558/devtoo..., se:cdpVersion: 102.0.5005.115, setWindowRect: true, strictFileInteractability: false, timeouts: {implicit: 0, pageLoad: 300000, script: 30000}, unhandledPromptBehavior: dismiss and notify, webauthn:extension:credBlob: true, webauthn:extension:largeBlob: true, webauthn:virtualAuthenticators: true}
Session ID: 6b120cfa034e39bd54da08ac7e182a25
	at org.testng.Assert.fail(Assert.java:94)
	at BaseClass.BaseClass.getElement(BaseClass.java:141)
	at BaseClass.BaseClass.elementClick(BaseClass.java:97)
	at PageClass.HolidayHomesPage.CalculateCost(HolidayHomesPage.java:85)
	at TestClass.TripCostTestClass.TripCost(TripCostTestClass.java:138)
	at sun.reflect.NativeMethodAccessorImpl.invoke0(Native Method)
	at sun.reflect.NativeMethodAccessorImpl.invoke(NativeMethodAccessorImpl.java:62)
	at sun.reflect.DelegatingMethodAccessorImpl.invoke(DelegatingMethodAccessorImpl.java:43)
	at java.lang.reflect.Method.invoke(Method.java:498)
	at org.testng.internal.MethodInvocationHelper.invokeMethod(MethodInvocationHelper.java:100)
	at org.testng.internal.Invoker.invokeMethod(Invoker.java:646)
	at org.testng.internal.Invoker.invokeTestMethod(Invoker.java:811)
	at org.testng.internal.Invoker.invokeTestMethods(Invoker.java:1137)
	at org.testng.internal.TestMethodWorker.invokeTestMethods(TestMethodWorker.java:129)
	at org.testng.internal.TestMethodWorker.run(TestMethodWorker.java:112)
	at org.testng.TestRunner.privateRun(TestRunner.java:753)
	at org.testng.TestRunner.run(TestRunner.java:607)
	at org.testng.SuiteRunner.runTest(SuiteRunner.java:368)
	at org.testng.SuiteRunner.runSequentially(SuiteRunner.java:363)
	at org.testng.SuiteRunner.privateRun(SuiteRunner.java:321)
	at org.testng.SuiteRunner.run(SuiteRunner.java:270)
	at org.testng.SuiteRunnerWorker.runSuite(SuiteRunnerWorker.java:52)
	at org.testng.SuiteRunnerWorker.run(SuiteRunnerWorker.java:86)
	at org.testng.TestNG.runSuitesSequentially(TestNG.java:1284)
	at org.testng.TestNG.runSuitesLocally(TestNG.java:1209)
	at org.testng.TestNG.runSuites(TestNG.java:1124)
	at org.testng.TestNG.run(TestNG.java:1096)
	at org.testng.remote.AbstractRemoteTestNG.run(AbstractRemoteTestNG.java:132)
	at org.testng.remote.RemoteTestNG.initAndRun(RemoteTestNG.java:236)
	at org.testng.remote.RemoteTestNG.main(RemoteTestNG.java:81)
]]>
            </full-stacktrace>
          </exception> <!-- java.lang.AssertionError -->
          <reporter-output>
          </reporter-output>
        </test-method> <!-- TripCost -->
        <test-method status="PASS" signature="closingBrowser()[pri:0, instance:TestClass.TripCostTestClass@5ec0a365]" name="closingBrowser" is-config="true" duration-ms="97" started-at="2022-06-16T18:14:56Z" finished-at="2022-06-16T18:14:57Z">
          <reporter-output>
          </reporter-output>
        </test-method> <!-- closingBrowser -->
      </class> <!-- TestClass.TripCostTestClass -->
    </test> <!-- Default test -->
  </suite> <!-- Default suite -->
</testng-results>
